Build started 28-May-18 8:26:22 AM.
     1>Project "D:\tecgraf\iup\html\examples\tutorial\simple_paint2\simple_paint.vcxproj" on node 4 (Build target(s)).
     1>InitializeBuildStatus:
         Touching "..\obj\Debug_x64\simple_paint\simple_paint.tlog\unsuccessfulbuild".
       ClCompile:
         All outputs are up-to-date.
       ResourceCompile:
         All outputs are up-to-date.
       Link:
         C:\Program Files (x86)\Microsoft Visual Studio 12.0\VC\bin\x86_amd64\link.exe /ERRORREPORT:PROMPT /OUT:"..\bin\x64\simple_paint.exe" /INCREMENTAL:NO /NOLOGO /LIBPATH:..\..\..\..\lib\Debug_64 /LIBPATH:..\..\..\..\..\cd\lib\Debug_64 /LIBPATH:..\..\..\..\..\im\lib\Debug_64 /LIBPATH:d:\tecgraf\iup\lib\vc12_64 /LIBPATH:d:\tecgraf\cd\lib\vc12_64 /LIBPATH:d:\tecgraf\im\lib\vc12_64 /LIBPATH:d:\tecgraf\freetype\lib\vc12_64 /LIBPATH:d:\tecgraf\zlib\lib\vc12_64 opengl32.lib iupgl.lib im_process.lib iupimglib.lib iupim.lib cdim.lib comctl32.lib iup.lib cd.lib iupcd.lib im.lib freetype6.lib zlib1.lib kernel32.lib user32.lib gdi32.lib winspool.lib comdlg32.lib advapi32.lib shell32.lib ole32.lib oleaut32.lib uuid.lib odbc32.lib odbccp32.lib /MANIFEST:NO /DEBUG /PDB:"..\bin\x64\simple_paint.pdb" /SUBSYSTEM:WINDOWS /TLBID:1 /DYNAMICBASE /NXCOMPAT /IMPLIB:"..\bin\x64\simple_paint.lib" /MACHINE:X64 ..\obj\Debug_x64\simple_paint\iup.res
         ..\obj\Debug_x64\simple_paint\simple_paint.obj
         ..\obj\Debug_x64\simple_paint\simple_paint_canvas.obj
         ..\obj\Debug_x64\simple_paint\simple_paint_file.obj
         ..\obj\Debug_x64\simple_paint\simple_paint_main.obj
         ..\obj\Debug_x64\simple_paint\simple_paint_splash.obj
         ..\obj\Debug_x64\simple_paint\simple_paint_toolbox.obj
         ..\obj\Debug_x64\simple_paint\simple_paint_util.obj
     1>LINK : warning LNK4098: defaultlib 'LIBCMT' conflicts with use of other libs; use /NODEFAULTLIB:library
         simple_paint.vcxproj -> D:\tecgraf\iup\html\examples\tutorial\simple_paint2\..\bin\x64\simple_paint.exe
       FinalizeBuildStatus:
         Deleting file "..\obj\Debug_x64\simple_paint\simple_paint.tlog\unsuccessfulbuild".
         Touching "..\obj\Debug_x64\simple_paint\simple_paint.tlog\simple_paint.lastbuildstate".
     1>Done Building Project "D:\tecgraf\iup\html\examples\tutorial\simple_paint2\simple_paint.vcxproj" (Build target(s)).

Build succeeded.

Time Elapsed 00:00:01.79
