Build started 11-Dec-17 15:01:32.
     1>Project "D:\tecgraf\iup\html\examples\tutorial\simple_paint2\simple_paint.vcxproj" on node 8 (Rebuild target(s)).
     1>PrepareForBuild:
         Creating directory "..\bin\".
         Creating directory "..\obj\Debug\simple_paint\simple_paint.tlog\".
       InitializeBuildStatus:
         Creating "..\obj\Debug\simple_paint\simple_paint.tlog\unsuccessfulbuild" because "AlwaysCreate" was specified.
       ClCompile:
         C:\Program Files (x86)\Microsoft Visual Studio 12.0\VC\bin\CL.exe /c /Id:\tecgraf\iup\include /Id:\tecgraf\im\include /Id:\tecgraf\cd\include /Z7 /nologo /W4 /WX- /Od /Oy- /D _CRT_SECURE_NO_DEPRECATE /D WIN32 /D _DEBUG /D _WINDOWS /D _MBCS /Gm- /EHsc /RTC1 /MTd /GS /fp:precise /Zc:wchar_t /Zc:forScope /Fo"..\obj\Debug\simple_paint\\" /Fd"..\obj\Debug\simple_paint\vc120.pdb" /Gd /TP /analyze- /errorReport:prompt simple_paint.cpp simple_paint_canvas.cpp simple_paint_file.cpp simple_paint_main.cpp simple_paint_splash.cpp simple_paint_toolbox.cpp simple_paint_util.cpp
         simple_paint.cpp
         simple_paint_canvas.cpp
         simple_paint_file.cpp
         simple_paint_main.cpp
         simple_paint_splash.cpp
         simple_paint_toolbox.cpp
         simple_paint_util.cpp
         Generating Code...
       ResourceCompile:
         C:\Program Files (x86)\Windows Kits\8.1\bin\x86\rc.exe /l"0x0409" /nologo /fo"..\obj\Debug\simple_paint\iup.res" d:\tecgraf\iup/etc/iup.rc 
       Link:
         C:\Program Files (x86)\Microsoft Visual Studio 12.0\VC\bin\link.exe /ERRORREPORT:PROMPT /OUT:"..\bin\simple_paint.exe" /INCREMENTAL:NO /NOLOGO /LIBPATH:d:\tecgraf\iup\lib\vc12 /LIBPATH:d:\tecgraf\cd\lib\vc12 /LIBPATH:d:\tecgraf\im\lib\vc12 /LIBPATH:d:\tecgraf\freetype\lib\vc12 /LIBPATH:d:\tecgraf\zlib\lib\vc12 opengl32.lib iupgl.lib im_process.lib iupimglib.lib iupim.lib cdim.lib comctl32.lib iup.lib cd.lib iupcd.lib im.lib freetype6.lib zlib1.lib kernel32.lib user32.lib gdi32.lib winspool.lib comdlg32.lib advapi32.lib shell32.lib ole32.lib oleaut32.lib uuid.lib odbc32.lib odbccp32.lib /MANIFEST:NO /DEBUG /PDB:"..\bin\simple_paint.pdb" /SUBSYSTEM:WINDOWS /TLBID:1 /DYNAMICBASE /NXCOMPAT /IMPLIB:"..\bin\simple_paint.lib" /MACHINE:X86 /SAFESEH ..\obj\Debug\simple_paint\iup.res
         ..\obj\Debug\simple_paint\simple_paint.obj
         ..\obj\Debug\simple_paint\simple_paint_canvas.obj
         ..\obj\Debug\simple_paint\simple_paint_file.obj
         ..\obj\Debug\simple_paint\simple_paint_main.obj
         ..\obj\Debug\simple_paint\simple_paint_splash.obj
         ..\obj\Debug\simple_paint\simple_paint_toolbox.obj
         ..\obj\Debug\simple_paint\simple_paint_util.obj
     1>LINK : warning LNK4098: defaultlib 'LIBCMT' conflicts with use of other libs; use /NODEFAULTLIB:library
         simple_paint.vcxproj -> D:\tecgraf\iup\html\examples\tutorial\simple_paint2\..\bin\simple_paint.exe
       FinalizeBuildStatus:
         Deleting file "..\obj\Debug\simple_paint\simple_paint.tlog\unsuccessfulbuild".
         Touching "..\obj\Debug\simple_paint\simple_paint.tlog\simple_paint.lastbuildstate".
     1>Done Building Project "D:\tecgraf\iup\html\examples\tutorial\simple_paint2\simple_paint.vcxproj" (Rebuild target(s)).

Build succeeded.

Time Elapsed 00:00:04.47
