Build started 11-Dec-17 15:02:11.
     1>Project "D:\tecgraf\iup\html\examples\tutorial\scintilla_notepad\scintilla_notepad.vcxproj" on node 9 (Rebuild target(s)).
     1>PrepareForBuild:
         Creating directory "..\obj\Debug\scintilla_notepad\scintill.E1563874.tlog\".
       InitializeBuildStatus:
         Creating "..\obj\Debug\scintilla_notepad\scintill.E1563874.tlog\unsuccessfulbuild" because "AlwaysCreate" was specified.
       ClCompile:
         C:\Program Files (x86)\Microsoft Visual Studio 12.0\VC\bin\CL.exe /c /Id:\tecgraf\iup\include /Id:\tecgraf\im\include /Id:\tecgraf\cd\include /Z7 /nologo /W4 /WX- /Od /Oy- /D _CRT_SECURE_NO_DEPRECATE /D WIN32 /D _DEBUG /D _WINDOWS /D _MBCS /Gm- /EHsc /RTC1 /MTd /GS /fp:precise /Zc:wchar_t /Zc:forScope /Fo"..\obj\Debug\scintilla_notepad\\" /Fd"..\obj\Debug\scintilla_notepad\vc120.pdb" /Gd /TC /analyze- /errorReport:prompt scintilladlg_notepad.c
         scintilladlg_notepad.c
       ResourceCompile:
         C:\Program Files (x86)\Windows Kits\8.1\bin\x86\rc.exe /l"0x0409" /nologo /fo"..\obj\Debug\scintilla_notepad\iup.res" d:\tecgraf\iup/etc/iup.rc 
       Link:
         C:\Program Files (x86)\Microsoft Visual Studio 12.0\VC\bin\link.exe /ERRORREPORT:PROMPT /OUT:"..\bin\scintilla_notepad.exe" /INCREMENTAL:NO /NOLOGO /LIBPATH:d:\tecgraf\iup\lib\Debug /LIBPATH:d:\tecgraf\cd\lib\Debug /LIBPATH:d:\tecgraf\im\lib\Debug /LIBPATH:d:\tecgraf\iup\lib\vc12 /LIBPATH:d:\tecgraf\cd\lib\vc12 /LIBPATH:d:\tecgraf\im\lib\vc12 /LIBPATH:d:\tecgraf\freetype\lib\vc12 /LIBPATH:d:\tecgraf\zlib\lib\vc12 iupimglib.lib imm32.lib iup_scintilla.lib comctl32.lib iup.lib cd.lib iupcd.lib im.lib freetype6.lib zlib1.lib kernel32.lib user32.lib gdi32.lib winspool.lib comdlg32.lib advapi32.lib shell32.lib ole32.lib oleaut32.lib uuid.lib odbc32.lib odbccp32.lib /MANIFEST:NO /DEBUG /PDB:"..\bin\scintilla_notepad.pdb" /SUBSYSTEM:CONSOLE /TLBID:1 /DYNAMICBASE /NXCOMPAT /IMPLIB:"..\bin\scintilla_notepad.lib" /MACHINE:X86 /SAFESEH ..\obj\Debug\scintilla_notepad\iup.res
         ..\obj\Debug\scintilla_notepad\scintilladlg_notepad.obj
         scintilla_notepad.vcxproj -> D:\tecgraf\iup\html\examples\tutorial\scintilla_notepad\..\bin\scintilla_notepad.exe
       FinalizeBuildStatus:
         Deleting file "..\obj\Debug\scintilla_notepad\scintill.E1563874.tlog\unsuccessfulbuild".
         Touching "..\obj\Debug\scintilla_notepad\scintill.E1563874.tlog\scintilla_notepad.lastbuildstate".
     1>Done Building Project "D:\tecgraf\iup\html\examples\tutorial\scintilla_notepad\scintilla_notepad.vcxproj" (Rebuild target(s)).

Build succeeded.

Time Elapsed 00:00:01.71
